5001 | Đỗ Nguyễn Minh An_05001 | 7/6/2008 | Môn: Tin học Điểm: 7,4
5002 | Lê Trịnh Mỹ An_05002 | 23/9/2008 | Môn: Tin học Điểm: 8,1
5003 | Nguyễn Thái An_05003 | 6/8/2008 | Môn: Tin học Điểm: 6,7
5004 | Nguyễn Trần Nam An_05004 | 3/1/2008 | Môn: Tin học Điểm: 10,9
5005 | Nguyễn Trần Quốc An_05005 | 8/6/2008 | Môn: Tin học Điểm: 6
5006 | Trần Chí An_05006 | 3/1/2008 | Môn: Tin học Điểm: 6,7
5007 | Trịnh Hoàng An_05007 | 3/5/2008 | Môn: Tin học Điểm: 0
5008 | Lưu Nguyễn Thiên Ân_05008 | 28/11/2008 | Môn: Tin học Điểm: 4,8
5009 | Nguyễn Trọng Thiên Ân_05009 | 24/6/2008 | Môn: Tin học Điểm: 8,1
5010 | Bùi Võ Quốc Anh_05010 | 20/12/2008 | Môn: Tin học Điểm: 10,9
5011 | Đỗ Hồng Anh_05011 | 12/1/2008 | Môn: Tin học Điểm: 2,7
5012 | Huỳnh Nguyễn Minh Anh_05012 | 2/7/2008 | Môn: Tin học Điểm: 0
5013 | Lê Hồng Anh_05013 | 26/10/2008 | Môn: Tin học Điểm: 11,6
5014 | Lê Nhật Anh_05014 | 27/9/2008 | Môn: Tin học Điểm: 6
5015 | Nguyễn Ngọc Trâm Anh_05015 | 2/5/2008 | Môn: Tin học Điểm: 1,3
5016 | Nguyễn Quốc Nam Anh_05016 | 27/6/2008 | Môn: Tin học Điểm: 6
5017 | Nguyễn Tuấn Anh_05017 | 26/8/2008 | Môn: Tin học Điểm: 12,3
5018 | Nguyễn Việt Anh_05018 | 19/2/2008 | Môn: Tin học Điểm: 6,7
5019 | Phạm Huỳnh Mai Anh_05019 | 1/3/2008 | Môn: Tin học Điểm: 8,1
5020 | Phạm Vũ Anh_05020 | 7/1/2008 | Môn: Tin học Điểm: 7,4
5021 | Trần Nguyễn Tuấn Anh_05021 | 18/6/2008 | Môn: Tin học Điểm: 0,7
5022 | Trần Văn Đức Anh_05022 | 8/11/2008 | Môn: Tin học Điểm: 11,6
5023 | Trịnh Văn Tiến Anh_05023 | 5/2/2008 | Môn: Tin học Điểm: 6,2
5024 | Vũ Việt Anh_05024 | 27/6/2008 | Môn: Tin học Điểm: 0
5026 | Hà Nhật Bảo_05026 | 3/5/2008 | Môn: Tin học Điểm: 8,1
5027 | Lương Quốc Bảo_05027 | 12/11/2008 | Môn: Tin học Điểm: 11,6
5028 | Nguyễn Lê Thái Bảo_05028 | 16/2/2008 | Môn: Tin học Điểm: 7,4
5029 | Nguyễn Thái Bảo_05029 | 23/5/2008 | Môn: Tin học Điểm: 0,6
5030 | Trần Gia Bảo_05030 | 15/8/2008 | Môn: Tin học Điểm:  Vắng
5031 | Võ Tấn Bảo_05031 | 3/7/2008 | Môn: Tin học Điểm: 8,1
5032 | Nguyễn Phạm Hữu Bình_05032 | 17/1/2008 | Môn: Tin học Điểm: 7,4
5033 | Phan Thanh Bình_05033 | 19/3/2008 | Môn: Tin học Điểm: 8,1
5034 | Trần Cao Cấp_05034 | 9/3/2008 | Môn: Tin học Điểm: 6,2
5035 | Trịnh Thụy Nguyên Cát_05035 | 22/1/2008 | Môn: Tin học Điểm: 9,5
5036 | Lê Hồng Châu_05036 | 1/1/2008 | Môn: Tin học Điểm: 0
5037 | Nguyễn Bùi Hồng Châu_05037 | 17/3/2008 | Môn: Tin học Điểm: 7,4
5038 | Nguyễn Lê Quỳnh Châu_05038 | 30/5/2008 | Môn: Tin học Điểm: 6,7
5039 | Nguyễn Quang Châu_05039 | 11/4/2008 | Môn: Tin học Điểm: 0
5040 | Phan Bảo Châu_05040 | 15/4/2008 | Môn: Tin học Điểm: 8,1
5041 | Nguyễn Quang Chương_05041 | 13/12/2008 | Môn: Tin học Điểm: 0
5042 | Nguyễn Đức Cường_05042 | 9/8/2008 | Môn: Tin học Điểm: 6,7
5043 | Phạm Mạnh Cường_05043 | 12/2/2008 | Môn: Tin học Điểm: 14,4
5044 | Phạm Xuân Việt Cường_05044 | 25/8/2008 | Môn: Tin học Điểm: 6,7
5045 | Phạm Lưu Phước Đại_05045 | 26/3/2008 | Môn: Tin học Điểm: 7,4
5046 | Lê Thành Minh Đăng_05046 | 11/10/2008 | Môn: Tin học Điểm: 6,7
5047 | Lê Trường Minh Đăng_05047 | 21/2/2008 | Môn: Tin học Điểm: 11,7
5048 | Nguyễn Hải Đăng_05048 | 6/7/2008 | Môn: Tin học Điểm: 6
5049 | Phạm Minh Đăng_05049 | 5/11/2008 | Môn: Tin học Điểm: 1,9
5050 | Phạm Võ Minh Đăng_05050 | 8/9/2008 | Môn: Tin học Điểm: 0
5051 | Phan Khánh Đăng_05051 | 29/12/2008 | Môn: Tin học Điểm: 7,4
5052 | Lương Đình Thành Đạt_05052 | 30/4/2008 | Môn: Tin học Điểm: 0
5053 | Phạm Thành Đạt_05053 | 27/6/2008 | Môn: Tin học Điểm: 10,9
5054 | Vương Quốc Đạt_05054 | 19/6/2008 | Môn: Tin học Điểm: 6,1
5055 | Đinh Việt Đức_05055 | 27/6/2008 | Môn: Tin học Điểm: 9,5
5056 | Nguyễn Minh Đức_05056 | 18/3/2008 | Môn: Tin học Điểm: 8,8
5057 | Nguyễn Tấn Đức_05057 | 15/1/2008 | Môn: Tin học Điểm: 8,8
5058 | Đỗ Khánh Dung_05058 | 8/5/2008 | Môn: Tin học Điểm: 6
5059 | Hà Chí Dũng_05059 | 22/8/2008 | Môn: Tin học Điểm: 14,4
5060 | Nguyễn Tiến Dũng_05060 | 8/1/2008 | Môn: Tin học Điểm: 0
5061 | Nguyễn Hoàng Xuân Duy_05061 | 1/9/2008 | Môn: Tin học Điểm: 0
5062 | Trần Hoàng Duy_05062 | 18/7/2008 | Môn: Tin học Điểm: 0
5063 | Trần Minh Duy_05063 | 2/10/2008 | Môn: Tin học Điểm: 8,3
5064 | Lê Khắc Khánh Hà_05064 | 8/12/2008 | Môn: Tin học Điểm: 0
5065 | Nguyễn Hoàng Hà_05065 | 13/12/2008 | Môn: Tin học Điểm: 7,4
5066 | Trần Hữu Hoàng Hà_05066 | 14/8/2008 | Môn: Tin học Điểm: 9,5
5067 | Huỳnh Gia Hào_05067 | 17/2/2008 | Môn: Tin học Điểm: 0
5068 | Hoàng Thị Thu Hiền_05068 | 31/3/2008 | Môn: Tin học Điểm: 1,3
5069 | Trần Ngọc Hiển_05069 | 27/11/2008 | Môn: Tin học Điểm: 3
5070 | Vương Nhật Hiển_05070 | 1/6/2008 | Môn: Tin học Điểm: 0,6
5071 | Nguyễn Trung Hiếu_05071 | 3/7/2008 | Môn: Tin học Điểm: 6
5072 | Trần Trung Hiếu_05072 | 27/7/2008 | Môn: Tin học Điểm: 9,5
5073 | Văn Minh Hiếu_05073 | 21/6/2008 | Môn: Tin học Điểm: 6
5074 | Vương Ngũ Lệ Hoa_05074 | 2/6/2008 | Môn: Tin học Điểm: 0
5075 | Lê Hồ Bảo Hòa_05075 | 25/1/2008 | Môn: Tin học Điểm: 0
5076 | Mạc Như Hoàng_05076 | 18/5/2008 | Môn: Tin học Điểm: 12,3
5077 | Phạm Phúc Hoàng_05077 | 1/1/2008 | Môn: Tin học Điểm: 7,4
5078 | Trần Nguyễn Minh Hoàng_05078 | 6/7/2008 | Môn: Tin học Điểm: 6
5079 | Nguyễn Thị Kim Hồng_05079 | 10/1/2008 | Môn: Tin học Điểm: 0
5080 | Đào Duy Hưng_05080 | 5/7/2008 | Môn: Tin học Điểm: 6,7
5081 | Lê Gia Hưng_05081 | 8/1/2008 | Môn: Tin học Điểm: 10,2
5082 | Nguyễn Khải Hưng_05082 | 10/5/2008 | Môn: Tin học Điểm: 6
5083 | Trần Duy Hưng_05083 | 7/2/2008 | Môn: Tin học Điểm: 6,7
5084 | Nguyễn Ngọc Quỳnh Hương_05084 | 29/6/2008 | Môn: Tin học Điểm: 0,6
5085 | Bùi Gia Huy_05085 | 16/7/2008 | Môn: Tin học Điểm: 4,9
5086 | Cao Đức Huy_05086 | 13/1/2008 | Môn: Tin học Điểm: 0
5087 | Nguyễn Minh Huy_05087 | 19/1/2008 | Môn: Tin học Điểm: 20
5088 | Nguyễn Việt Hoàng Huy_05088 | 24/3/2008 | Môn: Tin học Điểm: 0,7
5089 | Trương Gia Huy_05089 | 1/2/2008 | Môn: Tin học Điểm: 0
5090 | Trương Minh Huy_05090 | 7/2/2008 | Môn: Tin học Điểm: 6
5091 | Trương Quang Huy_05091 | 23/8/2008 | Môn: Tin học Điểm: 6
5092 | Lê Thị Thu Huyền_05092 | 13/6/2008 | Môn: Tin học Điểm: 0,6
5093 | Lê Nguyễn Duy Khải_05093 | 25/10/2008 | Môn: Tin học Điểm: 8,8
5094 | Trần Đức Khải_05094 | 13/1/2008 | Môn: Tin học Điểm: 6,7
5095 | Đào Duy Khang_05095 | 27/1/2008 | Môn: Tin học Điểm: 0
5096 | Đào Lê Khang_05096 | 13/5/2008 | Môn: Tin học Điểm: 0
5097 | Khổng Đức Khang_05097 | 8/1/2008 | Môn: Tin học Điểm: 6
5098 | Lê Nguyễn Kiến Khang_05098 | 29/3/2007 | Môn: Tin học Điểm: 0,6
5099 | Nguyễn Linh Sơn Khang_05099 | 24/9/2008 | Môn: Tin học Điểm: 6
5100 | Thái Vân Khang_05100 | 29/6/2008 | Môn: Tin học Điểm:  Vắng
5101 | Trần Phạm Như Khang_05101 | 21/8/2008 | Môn: Tin học Điểm: 1,8
5102 | Trương Bảo Khang_05102 | 1/4/2008 | Môn: Tin học Điểm: 7,6
5103 | Lại Quốc Khánh_05103 | 2/3/2008 | Môn: Tin học Điểm: 0
5104 | Ngô Minh Khánh_05104 | 1/2/2008 | Môn: Tin học Điểm: 6,7
5105 | Đỗ Đăng Khoa_05105 | 23/10/2008 | Môn: Tin học Điểm: 10,2
5106 | Hoàng Nguyễn Ngọc Khoa_05106 | 24/2/2008 | Môn: Tin học Điểm: 8,8
5107 | Trần Anh Khoa_05107 | 11/2/2008 | Môn: Tin học Điểm: 6
5108 | Nguyễn Đăng Khôi_05108 | 22/4/2008 | Môn: Tin học Điểm: 16
5109 | Nguyễn Sơn Khôi_05109 | 8/11/2008 | Môn: Tin học Điểm: 6,7
5110 | Nguyễn Trọng Khôi_05110 | 21/8/2008 | Môn: Tin học Điểm: 4,9
5111 | Phan Tuấn Khôi_05111 | 15/12/2008 | Môn: Tin học Điểm: 0
5112 | Vũ Đăng Khôi_05112 | 18/7/2008 | Môn: Tin học Điểm: 0,6
5113 | Phí Minh Khuê_05113 | 16/12/2008 | Môn: Tin học Điểm: 0
5114 | Lê Mạnh Khương_05114 | 23/12/2008 | Môn: Tin học Điểm: 6,7
5115 | Lê Chí Kiên_05115 | 11/12/2008 | Môn: Tin học Điểm: 8,1
5116 | Đặng Trần Anh Kiệt_05116 | 6/9/2008 | Môn: Tin học Điểm: 10,2
5117 | Lý Phú Kiệt_05117 | 31/1/2008 | Môn: Tin học Điểm: 7,4
5118 | Nguyễn Minh Kiệt_05118 | 22/4/2008 | Môn: Tin học Điểm: 14,4
5119 | Trần Điền Kiệt_05119 | 5/5/2008 | Môn: Tin học Điểm: 8,1
5120 | Võ Anh Kiệt_05120 | 20/9/2008 | Môn: Tin học Điểm: 0
5121 | Lê Lâm_05121 | 20/5/2008 | Môn: Tin học Điểm: 16,5
5122 | Nguyễn Minh Lâm_05122 | 27/12/2008 | Môn: Tin học Điểm:  Vắng
5123 | Nguyễn Như Lâm_05123 | 26/1/2008 | Môn: Tin học Điểm: 6,7
5124 | Trần Đức Lâm_05124 | 22/4/2008 | Môn: Tin học Điểm: 0
5125 | Vòng Nguyễn Phương Linh_05125 | 9/6/2008 | Môn: Tin học Điểm: 6
5126 | Trần Tấn Lộc_05126 | 29/8/2008 | Môn: Tin học Điểm: 1,2
5127 | Huỳnh  Phúc Lợi_05127 | 27/12/2008 | Môn: Tin học Điểm: 4,8
5128 | Giang Minh Long_05128 | 17/7/2008 | Môn: Tin học Điểm: 7,4
5129 | Huỳnh Minh Long_05129 | 30/11/2008 | Môn: Tin học Điểm: 3,4
5130 | Nguyễn Phan Thanh Long_05130 | 20/5/2008 | Môn: Tin học Điểm: 0
5131 | Nguyễn Thành Long_05131 | 16/7/2008 | Môn: Tin học Điểm: 6,7
5132 | Tạ Hầu Việt Long_05132 | 22/8/2008 | Môn: Tin học Điểm: 7,4
5133 | Quang Đăng Luân_05133 | 10/5/2008 | Môn: Tin học Điểm: 1,2
5134 | Nguyễn Khánh Mai_05134 | 3/2/2008 | Môn: Tin học Điểm: 6
5135 | Thái Hoài Mi_05135 | 21/6/2008 | Môn: Tin học Điểm: 6,7
5136 | Đỗ Tiến Minh_05136 | 26/10/2008 | Môn: Tin học Điểm: 6,7
5137 | Đoàn Ngọc Bình Minh_05137 | 28/9/2008 | Môn: Tin học Điểm: 6
5138 | Ngô Anh Minh_05138 | 2/12/2008 | Môn: Tin học Điểm: 10,2
5139 | Nguyễn Nhật Minh_05139 | 2/6/2008 | Môn: Tin học Điểm: 7,4
5140 | Phạm Anh Minh_05140 | 24/9/2008 | Môn: Tin học Điểm: 0
5141 | Phạm Nguyễn Tuấn Minh_05141 | 2/3/2008 | Môn: Tin học Điểm: 6,7
5142 | Trần Công Minh_05142 | 15/8/2008 | Môn: Tin học Điểm: 4,8
5143 | Trần Nguyễn Hiếu Minh_05143 | 15/12/2008 | Môn: Tin học Điểm: 5,8
5144 | Nguyễn Ngọc Toàn Mỹ_05144 | 9/1/2008 | Môn: Tin học Điểm: 0,7
5145 | Đỗ Thành Nam_05145 | 9/4/2008 | Môn: Tin học Điểm: 0
5146 | Phạm Bình Nam_05146 | 27/9/2008 | Môn: Tin học Điểm: 6,7
5147 | Phạm Hải Nam_05147 | 28/2/2008 | Môn: Tin học Điểm: 0
5148 | Nguyễn Võ Yến Ngân_05148 | 19/1/2008 | Môn: Tin học Điểm: 0
5149 | Diệp Phương Nghi_05149 | 15/2/2008 | Môn: Tin học Điểm: 6,7
5150 | Lê Đông Nghi_05150 | 7/6/2008 | Môn: Tin học Điểm: 6,7
5151 | Nguyễn Hữu Nghĩa_05151 | 13/2/2008 | Môn: Tin học Điểm: 0,6
5152 | Lại Hữu Nguyên_05152 | 22/7/2008 | Môn: Tin học Điểm: 7,6
5153 | Lưu Võ Phúc Nguyên_05153 | 17/6/2008 | Môn: Tin học Điểm: 7,4
5154 | Nguyễn Bảo Nguyên_05154 | 14/4/2008 | Môn: Tin học Điểm: 4,8
5155 | Nguyễn Duy Nguyên_05155 | 8/6/2008 | Môn: Tin học Điểm: 0
5156 | Nguyễn Hữu Minh Nguyên_05156 | 26/10/2008 | Môn: Tin học Điểm: 2,1
5157 | Trần Ngọc Khôi Nguyên_05157 | 14/2/2008 | Môn: Tin học Điểm: 6,1
5158 | Võ Lê Nguyên_05158 | 6/8/2008 | Môn: Tin học Điểm: 0
5159 | Bùi Lê Nhân_05159 | 2/7/2008 | Môn: Tin học Điểm: 0,7
5160 | Đặng Thành Nhân_05160 | 9/10/2008 | Môn: Tin học Điểm: 11,6
5161 | Lê Ngọc Trọng Nhân_05161 | 28/2/2008 | Môn: Tin học Điểm: 6
5162 | Nguyễn Thành Nhân_05162 | 20/3/2008 | Môn: Tin học Điểm: 6,7
5163 | Đoàn Trần Minh Nhật_05163 | 7/5/2008 | Môn: Tin học Điểm: 7,4
5164 | Hoàng Quang Nhật_05164 | 13/4/2008 | Môn: Tin học Điểm: 0
5165 | Lê Hồng Bảo Nhi_05165 | 17/12/2008 | Môn: Tin học Điểm: 0
5166 | Hoàng Phan Hạo Nhiên_05166 | 3/1/2008 | Môn: Tin học Điểm: 3
5167 | Phạm Hoàng Oanh_05167 | 13/10/2008 | Môn: Tin học Điểm: 6,7
5168 | Trần Kiều Oanh_05168 | 5/6/2008 | Môn: Tin học Điểm: 5,5
5169 | Ngô Tấn Phát_05169 | 27/2/2008 | Môn: Tin học Điểm: 6
5170 | Phan Xuân Phát_05170 | 14/2/2008 | Môn: Tin học Điểm: 6,7
5171 | Trần Đức Phát_05171 | 2/5/2008 | Môn: Tin học Điểm: 1,3
5172 | Trần Tiến Phát_05172 | 3/1/2008 | Môn: Tin học Điểm: 8,8
5173 | Ngô Bảo Phong_05173 | 27/9/2008 | Môn: Tin học Điểm: 1,4
5174 | Nguyễn Minh Phú_05174 | 6/3/2008 | Môn: Tin học Điểm: 0
5175 | Trương Gia Phú_05175 | 14/7/2008 | Môn: Tin học Điểm: 0,7
5176 | Lương Hoàng Phúc_05176 | 17/1/2008 | Môn: Tin học Điểm: 6
5177 | Nguyễn Gia Phúc_05177 | 20/11/2008 | Môn: Tin học Điểm: 0,6
5178 | Nguyễn Hoàng Phúc_05178 | 23/2/2008 | Môn: Tin học Điểm: 12,3
5179 | Nguyễn Thanh Phúc_05179 | 13/3/2008 | Môn: Tin học Điểm: 0
5180 | Phạm Sơn Hoàng Phúc_05180 | 4/4/2008 | Môn: Tin học Điểm: 6
5181 | Huỳnh Tấn Phước_05181 | 24/6/2008 | Môn: Tin học Điểm: 0
5182 | Trần Hữu Phước_05182 | 2/12/2008 | Môn: Tin học Điểm: 0
5183 | Hoàng Minh Quân_05183 | 23/6/2008 | Môn: Tin học Điểm: 12,3
5184 | Lê Minh Quân_05184 | 19/4/2008 | Môn: Tin học Điểm: 7,4
5185 | Nguyễn Lê Anh Quân_05185 | 5/10/2008 | Môn: Tin học Điểm: 0,7
5186 | Phạm Hiếu Minh Quân_05186 | 17/6/2008 | Môn: Tin học Điểm: 11,6
5187 | Phan Hoàng Quân_05187 | 15/1/2008 | Môn: Tin học Điểm: 6
5188 | Trần Nguyễn Minh Quân_05188 | 5/6/2008 | Môn: Tin học Điểm: 0,7
5189 | Vũ Hoàng Anh Quân_05189 | 4/6/2008 | Môn: Tin học Điểm: 7,6
5190 | Nguyễn Minh Quang_05190 | 31/1/2008 | Môn: Tin học Điểm: 0,7
5191 | Nguyễn Vinh Quang_05191 | 7/4/2008 | Môn: Tin học Điểm: 6
5192 | Phạm Đăng Quang_05192 | 5/9/2008 | Môn: Tin học Điểm: 0
5193 | Tô Minh Quang_05193 | 11/9/2008 | Môn: Tin học Điểm: 6
5194 | Nguyễn Hà Anh Quốc_05194 | 9/8/2008 | Môn: Tin học Điểm: 6,7
5195 | Nguyễn Lê Tấn Quốc_05195 | 5/5/2008 | Môn: Tin học Điểm: 0,6
5196 | Bành Gia Quý_05196 | 14/1/2008 | Môn: Tin học Điểm: 10,2
5197 | Hồ Minh Quý_05197 | 21/3/2008 | Môn: Tin học Điểm: 10,2
5198 | Phạm Ngọc Trúc Quỳnh_05198 | 29/10/2008 | Môn: Tin học Điểm: 6
5199 | Nguyễn Thành Tài_05199 | 10/3/2005 | Môn: Tin học Điểm: 0
5200 | Đào Ngọc Minh Tâm_05200 | 25/3/2008 | Môn: Tin học Điểm: 12,3
5201 | Phạm Hải Thạch_05201 | 15/12/2008 | Môn: Tin học Điểm: 6,7
5202 | Nguyễn Ngọc Quốc Thái_05202 | 24/10/2008 | Môn: Tin học Điểm: 3
5203 | Nguyễn Xuân Thái_05203 | 17/4/2008 | Môn: Tin học Điểm: 14,4
5204 | Phạm Nguyễn Cao Thăng_05204 | 19/4/2008 | Môn: Tin học Điểm: 9,5
5205 | Phùng Quang Thắng_05205 | 26/5/2008 | Môn: Tin học Điểm: 13,2
5206 | Bùi Đức Thành_05206 | 15/1/2008 | Môn: Tin học Điểm: 1,8
5207 | Lê Thái Thành_05207 | 24/10/2008 | Môn: Tin học Điểm: 10,9
5208 | Thái Cẩm Thành_05208 | 11/11/2008 | Môn: Tin học Điểm: 1,3
5209 | Phạm Thị Thu Thảo_05209 | 26/2/2008 | Môn: Tin học Điểm: 8,1
5210 | Lê Cảnh Giang Thi_05210 | 29/11/2008 | Môn: Tin học Điểm: 6
5211 | Nguyễn Lê Thiên_05211 | 17/11/2008 | Môn: Tin học Điểm: 0
5212 | Nguyễn Minh Thiện_05212 | 14/1/2008 | Môn: Tin học Điểm: 14,4
5213 | Nguyễn Quang Thiện_05213 | 10/4/2008 | Môn: Tin học Điểm: 0
5214 | Tiết Nguyễn Chí Thiện_05214 | 16/3/2008 | Môn: Tin học Điểm: 0
5215 | Đỗ Đức Phúc Thịnh_05215 | 17/12/2008 | Môn: Tin học Điểm: 6
5216 | Lê Phú Thịnh_05216 | 22/2/2008 | 